<?xml version="1.0" encoding="UTF-8"?>
<!-- Generated by org.testng.reporters.JUnitXMLReporter -->
<testsuite ignored="0" hostname="LAPTOP-2L0H9H2J" failures="0" tests="1" name="Test" time="5.579" errors="0" timestamp="2024-05-03T10:03:59 EDT">
  <testcase classname="tests.LoginPageTest" name="@AfterMethod postConditions" time="0.001">
    <failure type="java.lang.NullPointerException" message="Cannot invoke &amp;quot;org.openqa.selenium.WebDriver.quit()&amp;quot; because &amp;quot;this.driver&amp;quot; is null">
      <![CDATA[java.lang.NullPointerException: Cannot invoke "org.openqa.selenium.WebDriver.quit()" because "this.driver" is null
at tests.LoginPageTest.postConditions(LoginPageTest.java:32)
at java.base/java.util.ArrayList.forEach(ArrayList.java:1511)
... Removed 32 stack frames]]>
    </failure>
  </testcase> <!-- @AfterMethod postConditions -->
  <testcase classname="tests.LoginPageTest" name="loginErrorMessage" time="3.162"/>
</testsuite> <!-- Test -->
