<?xml version="1.0" encoding="UTF-8"?>
<!-- Generated by org.testng.reporters.JUnitXMLReporter -->
<testsuite ignored="2" hostname="LAPTOP-2L0H9H2J" failures="1" tests="3" name="Test" time="18.678" errors="0" timestamp="2024-05-11T14:02:09 EDT">
  <testcase classname="tests.LoginPageTest" name="verifyLoginWithCorrectCredentials1" time="11.593"/>
  <testcase classname="tests.LoginPageTest" name="verifyWrongCrendentials" time="3.065"/>
  <testcase classname="tests.UserMenuTest" name="verifyMyProfile_TC06" time="0.006">
    <failure type="java.lang.NullPointerException" message="Cannot invoke &amp;quot;org.openqa.selenium.WebDriver.get(String)&amp;quot; because &amp;quot;this.driver&amp;quot; is null">
      <![CDATA[java.lang.NullPointerException: Cannot invoke "org.openqa.selenium.WebDriver.get(String)" because "this.driver" is null
at tests.UserMenuTest.verifyMyProfile_TC06(UserMenuTest.java:50)
at java.base/java.util.ArrayList.forEach(ArrayList.java:1511)
... Removed 27 stack frames]]>
    </failure>
  </testcase> <!-- verifyMyProfile_TC06 -->
  <testcase classname="tests.BaseTest" name="@BeforeSuite doConfiguration" time="0.0">
    <ignored/>
  </testcase> <!-- @BeforeSuite doConfiguration -->
  <testcase classname="tests.BaseTest" name="@AfterSuite tearDownConfig" time="0.0">
    <ignored/>
  </testcase> <!-- @AfterSuite tearDownConfig -->
</testsuite> <!-- Test -->
