<?xml version="1.0" encoding="UTF-8"?>
<testng-results ignored="0" total="1" passed="1" failed="0" skipped="0">
  <reporter-output>
  </reporter-output>
  <suite started-at="2024-05-11T14:37:20 EDT" name="Default suite" finished-at="2024-05-11T14:38:15 EDT" duration-ms="54583">
    <groups>
    </groups>
    <test started-at="2024-05-11T14:37:20 EDT" name="Default test" finished-at="2024-05-11T14:38:15 EDT" duration-ms="54583">
      <class name="tests.UserMenuTest">
        <test-method is-config="true" signature="doConfiguration()[pri:0, instance:tests.UserMenuTest@2e1ef60]" started-at="2024-05-11T14:37:20 EDT" name="doConfiguration" finished-at="2024-05-11T14:37:20 EDT" duration-ms="137" status="PASS">
          <reporter-output>
          </reporter-output>
        </test-method> <!-- doConfiguration -->
        <test-method is-config="true" signature="preConditions()[pri:0, instance:tests.UserMenuTest@2e1ef60]" started-at="2024-05-11T14:37:20 EDT" name="preConditions" finished-at="2024-05-11T14:37:22 EDT" duration-ms="1666" status="PASS">
          <reporter-output>
          </reporter-output>
        </test-method> <!-- preConditions -->
        <test-method signature="verifyMyProfile_TC06()[pri:0, instance:tests.UserMenuTest@2e1ef60]" started-at="2024-05-11T14:37:22 EDT" name="verifyMyProfile_TC06" finished-at="2024-05-11T14:38:15 EDT" duration-ms="52778" status="PASS">
          <reporter-output>
          </reporter-output>
        </test-method> <!-- verifyMyProfile_TC06 -->
        <test-method is-config="true" signature="postConditions()[pri:0, instance:tests.UserMenuTest@2e1ef60]" started-at="2024-05-11T14:38:15 EDT" name="postConditions" finished-at="2024-05-11T14:38:15 EDT" duration-ms="111" status="PASS">
          <reporter-output>
          </reporter-output>
        </test-method> <!-- postConditions -->
        <test-method is-config="true" signature="tearDownConfig()[pri:0, instance:tests.UserMenuTest@2e1ef60]" started-at="2024-05-11T14:38:15 EDT" name="tearDownConfig" finished-at="2024-05-11T14:38:15 EDT" duration-ms="245" status="PASS">
          <reporter-output>
          </reporter-output>
        </test-method> <!-- tearDownConfig -->
      </class> <!-- tests.UserMenuTest -->
    </test> <!-- Default test -->
  </suite> <!-- Default suite -->
</testng-results>
